Determining if the pthread_create exist failed with the following output:
Change Dir: /home/osaka/catkin_ws/build/CMakeFiles/CMakeTmp

Run Build Command:"/usr/bin/make" "cmTC_d72ea/fast"
/usr/bin/make -f CMakeFiles/cmTC_d72ea.dir/build.make CMakeFiles/cmTC_d72ea.dir/build
make[1]: Entering directory '/home/osaka/catkin_ws/build/CMakeFiles/CMakeTmp'
Building C object CMakeFiles/cmTC_d72ea.dir/CheckSymbolExists.c.o
/usr/bin/cc     -o CMakeFiles/cmTC_d72ea.dir/CheckSymbolExists.c.o   -c /home/osaka/catkin_ws/build/CMakeFiles/CMakeTmp/CheckSymbolExists.c
Linking C executable cmTC_d72ea
/usr/bin/cmake -E cmake_link_script CMakeFiles/cmTC_d72ea.dir/link.txt --verbose=1
/usr/bin/cc       CMakeFiles/cmTC_d72ea.dir/CheckSymbolExists.c.o  -o cmTC_d72ea -rdynamic 
CMakeFiles/cmTC_d72ea.dir/CheckSymbolExists.c.o: In function `main':
CheckSymbolExists.c:(.text+0x16): undefined reference to `pthread_create'
collect2: error: ld returned 1 exit status
CMakeFiles/cmTC_d72ea.dir/build.make:97: recipe for target 'cmTC_d72ea' failed
make[1]: *** [cmTC_d72ea] Error 1
make[1]: Leaving directory '/home/osaka/catkin_ws/build/CMakeFiles/CMakeTmp'
Makefile:126: recipe for target 'cmTC_d72ea/fast' failed
make: *** [cmTC_d72ea/fast] Error 2

File /home/osaka/catkin_ws/build/CMakeFiles/CMakeTmp/CheckSymbolExists.c:
/* */
#include <pthread.h>

int main(int argc, char** argv)
{
  (void)argv;
#ifndef pthread_create
  return ((int*)(&pthread_create))[argc];
#else
  (void)argc;
  return 0;
#endif
}

Determining if the function pthread_create exists in the pthreads failed with the following output:
Change Dir: /home/osaka/catkin_ws/build/CMakeFiles/CMakeTmp

Run Build Command:"/usr/bin/make" "cmTC_bf472/fast"
/usr/bin/make -f CMakeFiles/cmTC_bf472.dir/build.make CMakeFiles/cmTC_bf472.dir/build
make[1]: Entering directory '/home/osaka/catkin_ws/build/CMakeFiles/CMakeTmp'
Building C object CMakeFiles/cmTC_bf472.dir/CheckFunctionExists.c.o
/usr/bin/cc    -DCHECK_FUNCTION_EXISTS=pthread_create   -o CMakeFiles/cmTC_bf472.dir/CheckFunctionExists.c.o   -c /usr/share/cmake-3.5/Modules/CheckFunctionExists.c
Linking C executable cmTC_bf472
/usr/bin/cmake -E cmake_link_script CMakeFiles/cmTC_bf472.dir/link.txt --verbose=1
/usr/bin/cc   -DCHECK_FUNCTION_EXISTS=pthread_create    CMakeFiles/cmTC_bf472.dir/CheckFunctionExists.c.o  -o cmTC_bf472 -rdynamic -lpthreads 
/usr/bin/ld: cannot find -lpthreads
collect2: error: ld returned 1 exit status
CMakeFiles/cmTC_bf472.dir/build.make:97: recipe for target 'cmTC_bf472' failed
make[1]: *** [cmTC_bf472] Error 1
make[1]: Leaving directory '/home/osaka/catkin_ws/build/CMakeFiles/CMakeTmp'
Makefile:126: recipe for target 'cmTC_bf472/fast' failed
make: *** [cmTC_bf472/fast] Error 2


